c:\users\omega\documents\github\pinballfisica\iluminati_painbal_bo\debug\vc141.pdb
c:\users\omega\documents\github\pinballfisica\iluminati_painbal_bo\debug\vc141.idb
c:\users\omega\documents\github\pinballfisica\iluminati_painbal_bo\debug\application.obj
c:\users\omega\documents\github\pinballfisica\iluminati_painbal_bo\debug\log.obj
c:\users\omega\documents\github\pinballfisica\iluminati_painbal_bo\debug\main.obj
c:\users\omega\documents\github\pinballfisica\iluminati_painbal_bo\debug\moduleaudio.obj
c:\users\omega\documents\github\pinballfisica\iluminati_painbal_bo\debug\moduleinput.obj
c:\users\omega\documents\github\pinballfisica\iluminati_painbal_bo\debug\modulephysics.obj
c:\users\omega\documents\github\pinballfisica\iluminati_painbal_bo\debug\moduleplayer.obj
c:\users\omega\documents\github\pinballfisica\iluminati_painbal_bo\debug\modulerender.obj
c:\users\omega\documents\github\pinballfisica\iluminati_painbal_bo\debug\modulesceneintro.obj
c:\users\omega\documents\github\pinballfisica\iluminati_painbal_bo\debug\moduletextures.obj
c:\users\omega\documents\github\pinballfisica\iluminati_painbal_bo\debug\modulewindow.obj
c:\users\omega\documents\github\pinballfisica\iluminati_painbal_bo\debug\2d physics - class 4.ilk
c:\users\omega\documents\github\pinballfisica\iluminati_painbal_bo\debug\2d physics - class 4.exe
c:\users\omega\documents\github\pinballfisica\iluminati_painbal_bo\debug\2d physics - class 4.pdb
c:\users\omega\documents\github\pinballfisica\iluminati_painbal_bo\debug\2d physi.746cc4c3.tlog\cl.command.1.tlog
c:\users\omega\documents\github\pinballfisica\iluminati_painbal_bo\debug\2d physi.746cc4c3.tlog\cl.read.1.tlog
c:\users\omega\documents\github\pinballfisica\iluminati_painbal_bo\debug\2d physi.746cc4c3.tlog\cl.write.1.tlog
c:\users\omega\documents\github\pinballfisica\iluminati_painbal_bo\debug\2d physi.746cc4c3.tlog\link.command.1.tlog
c:\users\omega\documents\github\pinballfisica\iluminati_painbal_bo\debug\2d physi.746cc4c3.tlog\link.read.1.tlog
c:\users\omega\documents\github\pinballfisica\iluminati_painbal_bo\debug\2d physi.746cc4c3.tlog\link.write.1.tlog
